make all --print-data-base --no-builtin-variables --no-builtin-rules --question
# GNU Make 4.1
# Built for aarch64-unknown-linux-gnu
# Copyright (C) 1988-2014 Free Software Foundation, Inc.
# License GPLv3+: GNU GPL version 3 or later <http://gnu.org/licenses/gpl.html>
# This is free software: you are free to change and redistribute it.
# There is NO WARRANTY, to the extent permitted by law.

# Make data base, printed on Fri Aug 19 14:11:15 2022

# Variables

# automatic
<D = $(patsubst %/,%,$(dir $<))
# automatic
?F = $(notdir $?)
# environment
PAPERSIZE = letter
# default
.SHELLFLAGS := -c
# environment
VSCODE_AGENT_FOLDER = /home/xftank/.vscode-server
# automatic
?D = $(patsubst %/,%,$(dir $?))
# automatic
@D = $(patsubst %/,%,$(dir $@))
# automatic
@F = $(notdir $@)
# default
MAKE_VERSION := 4.1
# makefile
CURDIR := /home/xftank/Desktop/myTinyWebServer
# makefile
SHELL = /bin/sh
# environment
VSCODE_NLS_CONFIG = {"locale":"zh-cn","availableLanguages":{"*":"zh-cn"},"_languagePackId":"cc0490d1397af23dc5bf44a96fe15dbb.zh-cn","_translationsConfigFile":"/home/xftank/.vscode-server/data/clp/cc0490d1397af23dc5bf44a96fe15dbb.zh-cn/tcf.json","_cacheRoot":"/home/xftank/.vscode-server/data/clp/cc0490d1397af23dc5bf44a96fe15dbb.zh-cn","_resolvedLanguagePackCoreLocation":"/home/xftank/.vscode-server/data/clp/cc0490d1397af23dc5bf44a96fe15dbb.zh-cn/da76f93349a72022ca4670c1b84860304616aaa2","_corruptedFile":"/home/xftank/.vscode-server/data/clp/cc0490d1397af23dc5bf44a96fe15dbb.zh-cn/corrupted.info","_languagePackSupport":true}
# environment
_ = /home/xftank/.vscode-server/bin/da76f93349a72022ca4670c1b84860304616aaa2/node
# environment
JETSON_L4T = 32.6.1
# makefile (from 'Makefile', line 1)
MAKEFILE_LIST :=  Makefile
# environment
JETSON_VPI = ii libnvvpi1 1.1.12 arm64 NVIDIA Vision Programming Interface library
# 'override' directive
GNUMAKEFLAGS := 
# environment
MAKELEVEL := 0
# environment
XDG_DATA_DIRS = /usr/local/share:/usr/share:/var/lib/snapd/desktop
# environment
DBUS_SESSION_BUS_ADDRESS = unix:path=/run/user/1000/bus
# environment
JETSON_BOARD = P2822-0000
# environment
JETSON_TYPE = AGX Xavier [16GB]
# environment
LESSOPEN = | /usr/bin/lesspipe %s
# environment
LC_NAME = en_US.UTF-8
# environment
VSCODE_CWD = /home/xftank
# environment
SSH_CONNECTION = 192.168.3.2 62479 192.168.3.5 22
# environment
PATH = /home/xftank/.vscode-server/bin/da76f93349a72022ca4670c1b84860304616aaa2/bin/remote-cli:/home/xftank/.local/bin:/usr/local/cuda-10.2/bin:/usr/local/sbin:/usr/local/bin:/usr/sbin:/usr/bin:/sbin:/bin:/usr/games:/usr/local/games:/snap/bin
# environment
JETSON_JETPACK = 4.6
# environment
JETSON_OPENCV = 4.1.1
# environment
JETSON_VULKAN_INFO = 1.2.70
# environment
XDG_RUNTIME_DIR = /run/user/1000
# environment
JETSON_CUDNN = 8.2.1.32
# environment
JETSON_CHIP_ID = 25
# environment
ELECTRON_RUN_AS_NODE = 1
# default
.FEATURES := target-specific order-only second-expansion else-if shortest-stem undefine oneshell archives jobserver output-sync check-symlink load
# environment
LS_COLORS = 
# environment
JETSON_SOC = tegra194
# environment
JETSON_CUDA = 10.2.300
# environment
PWD = /home/xftank/Desktop/myTinyWebServer
# environment
VSCODE_IPC_HOOK_CLI = /run/user/1000/vscode-ipc-b8d0b674-ad49-4529-b461-fb8843e18d42.sock
# automatic
*D = $(patsubst %/,%,$(dir $*))
# environment
VSCODE_AMD_ENTRYPOINT = vs/workbench/api/node/extensionHostProcess
# environment
HOME = /home/xftank
# environment
LD_LIBRARY_PATH = /usr/local/cuda-10.2/lib64:
# environment
LESSCLOSE = /usr/bin/lesspipe %s %s
# environment
LOGNAME = xftank
# environment
APPLICATION_INSIGHTS_NO_DIAGNOSTIC_CHANNEL = true
# automatic
+F = $(notdir $+)
# environment
VSCODE_HANDLES_UNCAUGHT_ERRORS = true
# automatic
^D = $(patsubst %/,%,$(dir $^))
# environment
LC_TIME = en_US.UTF-8
# default
MAKE = $(MAKE_COMMAND)
# default
MAKECMDGOALS := all
# environment
SHLVL = 3
# environment
XDG_SESSION_ID = 83
# environment
USER = xftank
# environment
LC_MONETARY = en_US.UTF-8
# makefile
.DEFAULT_GOAL := all
# environment
JETSON_CUDA_ARCH_BIN = 7.2
# automatic
%D = $(patsubst %/,%,$(dir $%))
# environment
LC_TELEPHONE = en_US.UTF-8
# environment
JETSON_L4T_RELEASE = 32
# default
MAKE_COMMAND := make
# default
.VARIABLES := 
# automatic
*F = $(notdir $*)
# makefile
MAKEFLAGS = pqrR
# environment
MFLAGS = -pqrR
# environment
SSH_CLIENT = 192.168.3.2 62479 22
# environment
MAIL = /var/mail/xftank
# automatic
+D = $(patsubst %/,%,$(dir $+))
# environment
BROWSER = /home/xftank/.vscode-server/bin/da76f93349a72022ca4670c1b84860304616aaa2/bin/helpers/browser.sh
# environment
JETSON_TENSORRT = 8.0.1.6
# automatic
%F = $(notdir $%)
# environment
JETSON_CODENAME = galen
# environment
VSCODE_HANDLES_SIGPIPE = true
# environment
JETSON_VISIONWORKS = 1.6.0.501
# environment
JETSON_OPENCV_CUDA = NO
# default
MAKEFILES := 
# environment
LC_NUMERIC = en_US.UTF-8
# automatic
<F = $(notdir $<)
# environment
JETSON_L4T_REVISION = 6.1
# automatic
^F = $(notdir $^)
# environment
LC_MEASUREMENT = en_US.UTF-8
# environment
JETSON_MODULE = P2888-0001
# environment
LC_ALL = C
# environment
JETSON_BOARDIDS = 
# environment
LC_PAPER = en_US.UTF-8
# default
SUFFIXES := 
# default
.INCLUDE_DIRS = /usr/include /usr/local/include /usr/include
# environment
LC_IDENTIFICATION = en_US.UTF-8
# default
.RECIPEPREFIX := 
# environment
JETSON_SERIAL_NUMBER = 1425020060869
# environment
LC_ADDRESS = en_US.UTF-8
# default
MAKE_HOST := aarch64-unknown-linux-gnu
# environment
JETSON_MACHINE = NVIDIA Jetson AGX Xavier [16GB]
# environment
LANG = C
# variable set hash-table stats:
# Load=96/1024=9%, Rehash=0, Collisions=17/124=14%

# Pattern-specific Variable Values

# No pattern-specific variable values.

# Directories

# . (device 45825, inode 1598179): 10 files, no impossibilities.

# 10 files, no impossibilities in 1 directories.

# Implicit Rules

# No implicit rules.

# Files

all:
#  Command line target.
#  Implicit rule search has not been done.
#  Implicit/static pattern stem: ''
#  File does not exist.
#  File has been updated.
#  Needs to be updated (-q is set).
# automatic
# @ := all
# automatic
# % := 
# automatic
# * := 
# automatic
# + := 
# automatic
# | := 
# automatic
# < := 
# automatic
# ^ := 
# automatic
# ? := 
# variable set hash-table stats:
# Load=8/32=25%, Rehash=0, Collisions=1/11=9%
#  recipe to execute (from 'Makefile', line 2):
	mkdir -p bin
	cd build && make

# Not a target:
.SUFFIXES:
#  Implicit rule search has not been done.
#  Modification time never checked.
#  File has not been updated.

# Not a target:
Makefile:
#  Implicit rule search has been done.
#  Last modified 2022-08-09 21:53:51.89700002
#  File has been updated.
#  Successfully updated.

# Not a target:
.DEFAULT:
#  Implicit rule search has not been done.
#  Modification time never checked.
#  File has not been updated.

# files hash-table stats:
# Load=4/1024=0%, Rehash=0, Collisions=0/16=0%
# VPATH Search Paths

# No 'vpath' search paths.

# No general ('VPATH' variable) search path.

# strcache buffers: 1 (0) / strings = 15 / storage = 111 B / avg = 7 B
# current buf: size = 8162 B / used = 111 B / count = 15 / avg = 7 B

 
# strcache performance: lookups = 22 / hit rate = 31%
# hash-table stats:
# Load=15/8192=0%, Rehash=0, Collisions=1/22=5%
# Finished Make data base on Fri Aug 19 14:11:15 2022

 
